0 info it worked if it ends with ok
1 verbose cli [ '/usr/bin/nodejs', '/usr/bin/npm', 'publish' ]
2 info using npm@2.15.1
3 info using node@v4.4.3
4 verbose publish [ '.' ]
5 silly cache add args [ '.', null ]
6 verbose cache add spec .
7 silly cache add parsed spec Result {
7 silly cache add   raw: '.',
7 silly cache add   scope: null,
7 silly cache add   name: null,
7 silly cache add   rawSpec: '.',
7 silly cache add   spec: '/home/pat/animate-on-scroll',
7 silly cache add   type: 'directory' }
8 verbose addLocalDirectory /home/pat/.npm/animate-on-scroll/1.1.9/package.tgz not in flight; packing
9 verbose correctMkdir /home/pat/.npm correctMkdir not in flight; initializing
10 verbose tar pack [ '/home/pat/.npm/animate-on-scroll/1.1.9/package.tgz',
10 verbose tar pack   '/home/pat/animate-on-scroll' ]
11 verbose tarball /home/pat/.npm/animate-on-scroll/1.1.9/package.tgz
12 verbose folder /home/pat/animate-on-scroll
13 info prepublish animate-on-scroll@1.1.9
14 verbose addLocalTarball adding from inside cache /home/pat/.npm/animate-on-scroll/1.1.9/package.tgz
15 verbose correctMkdir /home/pat/.npm correctMkdir not in flight; initializing
16 silly cache afterAdd animate-on-scroll@1.1.9
17 verbose afterAdd /home/pat/.npm/animate-on-scroll/1.1.9/package/package.json not in flight; writing
18 verbose correctMkdir /home/pat/.npm correctMkdir not in flight; initializing
19 verbose afterAdd /home/pat/.npm/animate-on-scroll/1.1.9/package/package.json written
20 silly publish { name: 'animate-on-scroll',
20 silly publish   version: '1.1.9',
20 silly publish   description: 'JQuery plugin for animating (through CSS) objects as they enter or leave the screen.',
20 silly publish   main: 'assets/javascript/animate-on-scroll.js',
20 silly publish   repository:
20 silly publish    { type: 'git',
20 silly publish      url: 'git+https://github.com/psteiger/animate-on-scroll.git' },
20 silly publish   keywords:
20 silly publish    [ 'animate',
20 silly publish      'wow',
20 silly publish      'scrollorama',
20 silly publish      'css',
20 silly publish      'scroll',
20 silly publish      'position',
20 silly publish      'fade',
20 silly publish      'scale',
20 silly publish      'scale3d',
20 silly publish      'transform',
20 silly publish      'jquery-plugin' ],
20 silly publish   author: { name: 'Patrick Pamponet Steiger' },
20 silly publish   dependencies: { jquery: '2.x.x' },
20 silly publish   license: 'GPL-3.0',
20 silly publish   bugs: { url: 'https://github.com/psteiger/animate-on-scroll/issues' },
20 silly publish   homepage: 'https://github.com/psteiger/animate-on-scroll#readme',
20 silly publish   readme: '# animate-on-scroll\n\nJQuery plugin for animating objects as they enter or leave the screen.\n\nAnimate-on-scroll is designed for simplicity.\n\n\'fade\' and \'scale3d\' animations are currently supported.\n\n## See for yourself\n\nhttp://www.bitbahia.com.br/\n\n## Install\n\n### npm -- a JavaScript package manager\n\n    npm install animate-on-scroll\n\n### Ruby on Rails Gem\n\n(Warning! Not implemented yet.)\n\nSetup your Gemfile:\n\n    gem \'animate-on-scroll\'\n\nInstall it:\n\n    bundle\n\n## Use examples\n\nThe following code makes all elements with class \'.fade-on-scroll\' to fade out\nof the screen (with a top offset of 60).\n\n    $(\'.fade-on-scroll\').animateOnScroll({\n      offset_top: 60,\n      fade: true\n    });\n\nIf we want to scale items with class \'scale3d-on-scroll\':\n\n    $(\'.scale3d-on-scroll\').animateOnScroll({\n      scale3d:true\n    });\n\nAn item can have multiple classes and effects.\n\n## Options\n\nAll options and respective defaults:\n\n    container: "window"\n    event: "scroll"\n    fade: true\n    scale3d: false\n    offset_top: 0\n    offset_bottom: 0\n\n## Web resources\n\nhttps://www.npmjs.com/package/animate-on-scroll\n\nhttp://github.com/psteiger/animate-on-scroll\n',
20 silly publish   readmeFilename: 'README.md',
20 silly publish   gitHead: 'b128415c1e12fee99456f3c6f407c3751472867e',
20 silly publish   _id: 'animate-on-scroll@1.1.9',
20 silly publish   scripts: {},
20 silly publish   _shasum: 'ebe1960daad881e95af8cf740b485617ee580788',
20 silly publish   _from: '.' }
21 verbose getPublishConfig undefined
22 silly mapToRegistry name animate-on-scroll
23 silly mapToRegistry using default registry
24 silly mapToRegistry registry https://registry.npmjs.org/
25 silly mapToRegistry data Result {
25 silly mapToRegistry   raw: 'animate-on-scroll',
25 silly mapToRegistry   scope: null,
25 silly mapToRegistry   name: 'animate-on-scroll',
25 silly mapToRegistry   rawSpec: '',
25 silly mapToRegistry   spec: 'latest',
25 silly mapToRegistry   type: 'tag' }
26 silly mapToRegistry uri https://registry.npmjs.org/animate-on-scroll
27 verbose publish registryBase https://registry.npmjs.org/
28 silly publish uploading /home/pat/.npm/animate-on-scroll/1.1.9/package.tgz
29 verbose request uri https://registry.npmjs.org/animate-on-scroll
30 verbose request sending authorization for write operation
31 info attempt registry request try #1 at 13:55:19
32 verbose request using bearer token for auth
33 verbose request id 4a23ae51938ba545
34 http request PUT https://registry.npmjs.org/animate-on-scroll
35 http 403 https://registry.npmjs.org/animate-on-scroll
36 verbose headers { 'content-type': 'application/json',
36 verbose headers   'cache-control': 'max-age=300',
36 verbose headers   'content-length': '95',
36 verbose headers   'accept-ranges': 'bytes',
36 verbose headers   date: 'Fri, 06 May 2016 16:55:20 GMT',
36 verbose headers   via: '1.1 varnish',
36 verbose headers   connection: 'keep-alive',
36 verbose headers   'x-served-by': 'cache-lax1430-LAX',
36 verbose headers   'x-cache': 'MISS',
36 verbose headers   'x-cache-hits': '0',
36 verbose headers   'x-timer': 'S1462553720.357790,VS0,VE282',
36 verbose headers   vary: 'Accept-Encoding' }
37 verbose request invalidating /home/pat/.npm/registry.npmjs.org/animate-on-scroll on PUT
38 error publish Failed PUT 403
39 verbose stack Error: "You cannot publish over the previously published version 1.1.9." : animate-on-scroll
39 verbose stack     at makeError (/usr/lib/node_modules/npm/node_modules/npm-registry-client/lib/request.js:264:12)
39 verbose stack     at CachingRegistryClient.<anonymous> (/usr/lib/node_modules/npm/node_modules/npm-registry-client/lib/request.js:252:14)
39 verbose stack     at Request._callback (/usr/lib/node_modules/npm/node_modules/npm-registry-client/lib/request.js:172:14)
39 verbose stack     at Request.self.callback (/usr/lib/node_modules/npm/node_modules/request/request.js:199:22)
39 verbose stack     at emitTwo (events.js:87:13)
39 verbose stack     at Request.emit (events.js:172:7)
39 verbose stack     at Request.<anonymous> (/usr/lib/node_modules/npm/node_modules/request/request.js:1036:10)
39 verbose stack     at emitOne (events.js:82:20)
39 verbose stack     at Request.emit (events.js:169:7)
39 verbose stack     at IncomingMessage.<anonymous> (/usr/lib/node_modules/npm/node_modules/request/request.js:963:12)
40 verbose statusCode 403
41 verbose pkgid animate-on-scroll
42 verbose cwd /home/pat/animate-on-scroll
43 error Linux 4.4.0-21-generic
44 error argv "/usr/bin/nodejs" "/usr/bin/npm" "publish"
45 error node v4.4.3
46 error npm  v2.15.1
47 error code E403
48 error "You cannot publish over the previously published version 1.1.9." : animate-on-scroll
49 error If you need help, you may report this error at:
49 error     <https://github.com/npm/npm/issues>
50 verbose exit [ 1, true ]
